<?xml version="1.0" encoding="UTF-8"?>
<!-- Generated by org.testng.reporters.JUnitXMLReporter -->
<testsuite ignored="0" hostname="DESKTOP-M021GP2" failures="0" tests="6" name="Test" time="0.051" errors="0" timestamp="2022-01-06T20:42:31 EST">
  <testcase classname="test2.Demo2Test" name="testX" time="0.006"/>
  <testcase classname="test2.Demo2Test" name="testY" time="0.001"/>
  <testcase classname="test2.Demo2Test" name="testZ" time="0.001"/>
  <testcase classname="test3.Demo3Test" name="testF" time="0.001"/>
  <testcase classname="test3.Demo3Test" name="testG" time="0.001"/>
  <testcase classname="test3.Demo3Test" name="testH" time="0.001"/>
</testsuite> <!-- Test -->
