<?xml version="1.0" encoding="UTF-8"?>
<testng-results ignored="0" total="6" passed="6" failed="0" skipped="0">
  <reporter-output>
  </reporter-output>
  <suite started-at="2022-01-06T20:41:32 EST" name="Suite" finished-at="2022-01-06T20:41:32 EST" duration-ms="33">
    <groups>
    </groups>
    <test started-at="2022-01-06T20:41:32 EST" name="Test" finished-at="2022-01-06T20:41:32 EST" duration-ms="33">
      <class name="test3.Demo3Test">
        <test-method signature="testF()[pri:0, instance:test3.Demo3Test@78ffe6dc]" started-at="2022-01-06T20:41:32 EST" name="testF" finished-at="2022-01-06T20:41:32 EST" duration-ms="0" status="PASS">
          <reporter-output>
          </reporter-output>
        </test-method> <!-- testF -->
        <test-method signature="testH()[pri:0, instance:test3.Demo3Test@78ffe6dc]" started-at="2022-01-06T20:41:32 EST" name="testH" finished-at="2022-01-06T20:41:32 EST" duration-ms="0" status="PASS">
          <reporter-output>
          </reporter-output>
        </test-method> <!-- testH -->
        <test-method signature="testG()[pri:0, instance:test3.Demo3Test@78ffe6dc]" started-at="2022-01-06T20:41:32 EST" name="testG" finished-at="2022-01-06T20:41:32 EST" duration-ms="0" status="PASS">
          <reporter-output>
          </reporter-output>
        </test-method> <!-- testG -->
      </class> <!-- test3.Demo3Test -->
      <class name="test2.Demo2Test">
        <test-method signature="testX()[pri:0, instance:test2.Demo2Test@574b560f]" started-at="2022-01-06T20:41:32 EST" name="testX" finished-at="2022-01-06T20:41:32 EST" duration-ms="3" status="PASS">
          <reporter-output>
          </reporter-output>
        </test-method> <!-- testX -->
        <test-method signature="testZ()[pri:0, instance:test2.Demo2Test@574b560f]" started-at="2022-01-06T20:41:32 EST" name="testZ" finished-at="2022-01-06T20:41:32 EST" duration-ms="0" status="PASS">
          <reporter-output>
          </reporter-output>
        </test-method> <!-- testZ -->
        <test-method signature="testY()[pri:0, instance:test2.Demo2Test@574b560f]" started-at="2022-01-06T20:41:32 EST" name="testY" finished-at="2022-01-06T20:41:32 EST" duration-ms="0" status="PASS">
          <reporter-output>
          </reporter-output>
        </test-method> <!-- testY -->
      </class> <!-- test2.Demo2Test -->
    </test> <!-- Test -->
  </suite> <!-- Suite -->
</testng-results>
